Flow report for lab3part5
Tue Oct 01 14:47:34 2019
Quartus Prime Version 18.0.0 Build 614 04/24/2018 SJ Standard Edition


---------------------
; Table of Contents ;
---------------------
  1. Legal Notice
  2. Flow Summary
  3. Flow Settings
  4. Flow Non-Default Global Settings
  5. Flow Elapsed Time
  6. Flow OS Summary
  7. Flow Log
  8. Flow Messages
  9. Flow Suppressed Messages



----------------
; Legal Notice ;
----------------
Copyright (C) 2018  Intel Corporation. All rights reserved.
Your use of Intel Corporation's design tools, logic functions 
and other software and tools, and its AMPP partner logic 
functions, and any output files from any of the foregoing 
(including device programming or simulation files), and any 
associated documentation or information are expressly subject 
to the terms and conditions of the Intel Program License 
Subscription Agreement, the Intel Quartus Prime License Agreement,
the Intel FPGA IP License Agreement, or other applicable license
agreement, including, without limitation, that your use is for
the sole purpose of programming logic devices manufactured by
Intel and sold by Intel or its authorized distributors.  Please
refer to the applicable agreement for further details.



+----------------------------------------------------------------------------------------+
; Flow Summary                                                                           ;
+---------------------------------+------------------------------------------------------+
; Flow Status                     ; EDA Netlist Writer Failed - Tue Oct 01 14:47:34 2019 ;
; Quartus Prime Version           ; 18.0.0 Build 614 04/24/2018 SJ Standard Edition      ;
; Revision Name                   ; lab3part5                                            ;
; Top-level Entity Name           ; lab3part5                                            ;
; Family                          ; Cyclone V                                            ;
; Device                          ; 5CSEMA5F31C6                                         ;
; Timing Models                   ; Final                                                ;
; Logic utilization (in ALMs)     ; 10 / 32,070 ( < 1 % )                                ;
; Total registers                 ; 0                                                    ;
; Total pins                      ; 41 / 457 ( 9 % )                                     ;
; Total virtual pins              ; 0                                                    ;
; Total block memory bits         ; 0 / 4,065,280 ( 0 % )                                ;
; Total DSP Blocks                ; 0 / 87 ( 0 % )                                       ;
; Total HSSI RX PCSs              ; 0                                                    ;
; Total HSSI PMA RX Deserializers ; 0                                                    ;
; Total HSSI TX PCSs              ; 0                                                    ;
; Total HSSI PMA TX Serializers   ; 0                                                    ;
; Total PLLs                      ; 0 / 6 ( 0 % )                                        ;
; Total DLLs                      ; 0 / 4 ( 0 % )                                        ;
+---------------------------------+------------------------------------------------------+


+-----------------------------------------+
; Flow Settings                           ;
+-------------------+---------------------+
; Option            ; Setting             ;
+-------------------+---------------------+
; Start date & time ; 10/01/2019 14:34:09 ;
; Main task         ; Compilation         ;
; Revision Name     ; lab3part5           ;
+-------------------+---------------------+


+-------------------------------------------------------------------------------------------------------------------------+
; Flow Non-Default Global Settings                                                                                        ;
+-------------------------------------+----------------------------------------+---------------+-------------+------------+
; Assignment Name                     ; Value                                  ; Default Value ; Entity Name ; Section Id ;
+-------------------------------------+----------------------------------------+---------------+-------------+------------+
; COMPILER_SIGNATURE_ID               ; 167746773791289.156995484802296        ; --            ; --          ; --         ;
; MAX_CORE_JUNCTION_TEMP              ; 85                                     ; --            ; --          ; --         ;
; MIN_CORE_JUNCTION_TEMP              ; 0                                      ; --            ; --          ; --         ;
; PARTITION_COLOR                     ; -- (Not supported for targeted family) ; --            ; --          ; Top        ;
; PARTITION_FITTER_PRESERVATION_LEVEL ; -- (Not supported for targeted family) ; --            ; --          ; Top        ;
; PARTITION_NETLIST_TYPE              ; -- (Not supported for targeted family) ; --            ; --          ; Top        ;
; PROJECT_OUTPUT_DIRECTORY            ; output_files                           ; --            ; --          ; --         ;
+-------------------------------------+----------------------------------------+---------------+-------------+------------+


+--------------------------------------------------------------------------------------------------------------------------+
; Flow Elapsed Time                                                                                                        ;
+----------------------+--------------+-------------------------+---------------------+------------------------------------+
; Module Name          ; Elapsed Time ; Average Processors Used ; Peak Virtual Memory ; Total CPU Time (on all processors) ;
+----------------------+--------------+-------------------------+---------------------+------------------------------------+
; Analysis & Synthesis ; 00:00:15     ; 1.0                     ; 712 MB              ; 00:00:24                           ;
; Fitter               ; 00:00:33     ; 1.0                     ; 2486 MB             ; 00:00:54                           ;
; Assembler            ; 00:00:09     ; 1.0                     ; 728 MB              ; 00:00:07                           ;
; Timing Analyzer      ; 00:00:13     ; 1.0                     ; 1020 MB             ; 00:00:06                           ;
; EDA Netlist Writer   ; 00:00:02     ; 1.0                     ; 602 MB              ; 00:00:02                           ;
; EDA Netlist Writer   ; 00:00:02     ; 1.0                     ; 602 MB              ; 00:00:02                           ;
; EDA Netlist Writer   ; 00:00:03     ; 1.0                     ; 602 MB              ; 00:00:02                           ;
; Total                ; 00:01:17     ; --                      ; --                  ; 00:01:37                           ;
+----------------------+--------------+-------------------------+---------------------+------------------------------------+


+------------------------------------------------------------------------------------+
; Flow OS Summary                                                                    ;
+----------------------+------------------+------------+------------+----------------+
; Module Name          ; Machine Hostname ; OS Name    ; OS Version ; Processor type ;
+----------------------+------------------+------------+------------+----------------+
; Analysis & Synthesis ; BA3135WS22       ; Windows 10 ; 10.0       ; x86_64         ;
; Fitter               ; BA3135WS22       ; Windows 10 ; 10.0       ; x86_64         ;
; Assembler            ; BA3135WS22       ; Windows 10 ; 10.0       ; x86_64         ;
; Timing Analyzer      ; BA3135WS22       ; Windows 10 ; 10.0       ; x86_64         ;
; EDA Netlist Writer   ; BA3135WS22       ; Windows 10 ; 10.0       ; x86_64         ;
; EDA Netlist Writer   ; BA3135WS22       ; Windows 10 ; 10.0       ; x86_64         ;
; EDA Netlist Writer   ; BA3135WS22       ; Windows 10 ; 10.0       ; x86_64         ;
+----------------------+------------------+------------+------------+----------------+


------------
; Flow Log ;
------------
quartus_map --read_settings_files=on --write_settings_files=off lab3part5 -c lab3part5
quartus_fit --read_settings_files=off --write_settings_files=off lab3part5 -c lab3part5
quartus_asm --read_settings_files=off --write_settings_files=off lab3part5 -c lab3part5
quartus_sta lab3part5 -c lab3part5
quartus_eda --gen_testbench --tool=modelsim_oem --format=verilog --write_settings_files=off lab3part5 -c lab3part5 --vector_source=//SRVD/Homes$/chaud496/Desktop/Waveform.vwf --testbench_file="//SRVD/Homes$/chaud496/Desktop/ECE253/Lab 3/Part 5/simulation/modelsim/Waveform.vwf.vt"
quartus_eda --gen_testbench --tool=modelsim_oem --format=verilog --write_settings_files=off lab3part5 -c lab3part5 --vector_source="//SRVD/Homes$/chaud496/Desktop/ECE253/Lab 3/Part 5/output_files/Waveform.vwf" --testbench_file="//SRVD/Homes$/chaud496/Desktop/ECE253/Lab 3/Part 5/simulation/qsim///SRVD/Homes$/chaud496/Desktop/ECE253/Lab 3/Part 5/output_files/Waveform.vwf.vt"
quartus_eda --gen_testbench --tool=modelsim_oem --format=verilog --write_settings_files=off lab3part5 -c lab3part5 --vector_source="//SRVD/Homes$/chaud496/Desktop/ECE253/Lab 3/Part 5/output_files/Waveform.vwf" --testbench_file="//SRVD/Homes$/chaud496/Desktop/ECE253/Lab 3/Part 5/simulation/qsim///SRVD/Homes$/chaud496/Desktop/ECE253/Lab 3/Part 5/output_files/Waveform.vwf.vt"



