EDA Netlist Writer report for lab3part5
Tue Oct 01 14:47:34 2019
Quartus Prime Version 18.0.0 Build 614 04/24/2018 SJ Standard Edition


---------------------
; Table of Contents ;
---------------------
  1. Legal Notice
  2. EDA Netlist Writer Summary
  3. EDA Netlist Writer Messages



----------------
; Legal Notice ;
----------------
Copyright (C) 2018  Intel Corporation. All rights reserved.
Your use of Intel Corporation's design tools, logic functions 
and other software and tools, and its AMPP partner logic 
functions, and any output files from any of the foregoing 
(including device programming or simulation files), and any 
associated documentation or information are expressly subject 
to the terms and conditions of the Intel Program License 
Subscription Agreement, the Intel Quartus Prime License Agreement,
the Intel FPGA IP License Agreement, or other applicable license
agreement, including, without limitation, that your use is for
the sole purpose of programming logic devices manufactured by
Intel and sold by Intel or its authorized distributors.  Please
refer to the applicable agreement for further details.



+---------------------------------------------------------------+
; EDA Netlist Writer Summary                                    ;
+---------------------------+-----------------------------------+
; EDA Netlist Writer Status ; Failed - Tue Oct 01 14:47:34 2019 ;
; Revision Name             ; lab3part5                         ;
; Top-level Entity Name     ; lab3part5                         ;
; Family                    ; Cyclone V                         ;
+---------------------------+-----------------------------------+


+-----------------------------+
; EDA Netlist Writer Messages ;
+-----------------------------+
Info: *******************************************************************
Info: Running Quartus Prime EDA Netlist Writer
    Info: Version 18.0.0 Build 614 04/24/2018 SJ Standard Edition
    Info: Copyright (C) 2018  Intel Corporation. All rights reserved.
    Info: Your use of Intel Corporation's design tools, logic functions 
    Info: and other software and tools, and its AMPP partner logic 
    Info: functions, and any output files from any of the foregoing 
    Info: (including device programming or simulation files), and any 
    Info: associated documentation or information are expressly subject 
    Info: to the terms and conditions of the Intel Program License 
    Info: Subscription Agreement, the Intel Quartus Prime License Agreement,
    Info: the Intel FPGA IP License Agreement, or other applicable license
    Info: agreement, including, without limitation, that your use is for
    Info: the sole purpose of programming logic devices manufactured by
    Info: Intel and sold by Intel or its authorized distributors.  Please
    Info: refer to the applicable agreement for further details.
    Info: Processing started: Tue Oct 01 14:47:31 2019
Info: Command: quartus_eda --gen_testbench --tool=modelsim_oem --format=verilog --write_settings_files=off lab3part5 -c lab3part5 --vector_source="//SRVD/Homes$/chaud496/Desktop/ECE253/Lab 3/Part 5/output_files/Waveform.vwf" --testbench_file="//SRVD/Homes$/chaud496/Desktop/ECE253/Lab 3/Part 5/simulation/qsim///SRVD/Homes$/chaud496/Desktop/ECE253/Lab 3/Part 5/output_files/Waveform.vwf.vt"
Warning (18236): Number of processors has not been specified which may cause overloading on shared machines.  Set the global assignment NUM_PARALLEL_PROCESSORS in your QSF to an appropriate value for best performance.
Error (199013): HDL output file name "//SRVD/Homes$/chaud496/Desktop/ECE253/Lab 3/Part 5/simulation/qsim/SRVD/Homes$/chaud496/Desktop/ECE253/Lab 3/Part 5/output_files/Waveform.vwf.vt" used with --testbench_file option contains a non-existent directory path
Error: Quartus Prime EDA Netlist Writer was unsuccessful. 1 error, 1 warning
    Error: Peak virtual memory: 602 megabytes
    Error: Processing ended: Tue Oct 01 14:47:34 2019
    Error: Elapsed time: 00:00:03
    Error: Total CPU time (on all processors): 00:00:02


